kotlin version: 2.2.20
error message: org.jetbrains.kotlin.util.FileAnalysisException: While analysing /Users/andyibrahim/Desktop/VoiceFitness - 1/app/src/main/java/com/example/classpass/ui/compose/program/detail/WorkoutSessionCard.kt:97:28: org.jetbrains.kotlin.utils.exceptions.KotlinIllegalArgumentExceptionWithAttachments: Exception in expression checkers
	at org.jetbrains.kotlin.util.AnalysisExceptionsKt.wrapIntoFileAnalysisExceptionIfNeeded(AnalysisExceptions.kt:57)
	at org.jetbrains.kotlin.fir.FirCliExceptionHandler.handleExceptionOnFileAnalysis(Utils.kt:267)
	at org.jetbrains.kotlin.fir.pipeline.AnalyseKt.runCheckers(analyse.kt:68)
	at org.jetbrains.kotlin.fir.pipeline.FirUtilsKt.resolveAndCheckFir(firUtils.kt:77)
	at org.jetbrains.kotlin.cli.pipeline.jvm.JvmFrontendPipelinePhase.executePhase(JvmFrontendPipelinePhase.kt:165)
	at org.jetbrains.kotlin.cli.pipeline.jvm.JvmFrontendPipelinePhase.executePhase(JvmFrontendPipelinePhase.kt:47)
	at org.jetbrains.kotlin.cli.pipeline.PipelinePhase.phaseBody(PipelinePhase.kt:68)
	at org.jetbrains.kotlin.cli.pipeline.PipelinePhase.phaseBody(PipelinePhase.kt:58)
	at org.jetbrains.kotlin.config.phaser.NamedCompilerPhase.invoke(CompilerPhase.kt:102)
	at org.jetbrains.kotlin.backend.common.phaser.CompositePhase.invoke(PhaseBuilders.kt:22)
	at org.jetbrains.kotlin.config.phaser.CompilerPhaseKt.invokeToplevel(CompilerPhase.kt:53)
	at org.jetbrains.kotlin.cli.pipeline.AbstractCliPipeline.runPhasedPipeline(AbstractCliPipeline.kt:109)
	at org.jetbrains.kotlin.cli.pipeline.AbstractCliPipeline.execute(AbstractCliPipeline.kt:68)
	at org.jetbrains.kotlin.cli.jvm.K2JVMCompiler.doExecutePhased(K2JVMCompiler.kt:79)
	at org.jetbrains.kotlin.cli.jvm.K2JVMCompiler.doExecutePhased(K2JVMCompiler.kt:45)
	at org.jetbrains.kotlin.cli.common.CLICompiler.execImpl(CLICompiler.kt:90)
	at org.jetbrains.kotlin.cli.common.CLICompiler.exec(CLICompiler.kt:352)
	at org.jetbrains.kotlin.incremental.IncrementalJvmCompilerRunnerBase.runCompiler(IncrementalJvmCompilerRunnerBase.kt:176)
	at org.jetbrains.kotlin.incremental.IncrementalJvmCompilerRunnerBase.runCompiler(IncrementalJvmCompilerRunnerBase.kt:39)
	at org.jetbrains.kotlin.incremental.IncrementalCompilerRunner.doCompile(IncrementalCompilerRunner.kt:499)
	at org.jetbrains.kotlin.incremental.IncrementalCompilerRunner.compileImpl(IncrementalCompilerRunner.kt:416)
	at org.jetbrains.kotlin.incremental.IncrementalCompilerRunner.tryCompileIncrementally$lambda$0$compile(IncrementalCompilerRunner.kt:249)
	at org.jetbrains.kotlin.incremental.IncrementalCompilerRunner.tryCompileIncrementally(IncrementalCompilerRunner.kt:267)
	at org.jetbrains.kotlin.incremental.IncrementalCompilerRunner.compile(IncrementalCompilerRunner.kt:119)
	at org.jetbrains.kotlin.daemon.CompileServiceImplBase.execIncrementalCompiler(CompileServiceImpl.kt:684)
	at org.jetbrains.kotlin.daemon.CompileServiceImplBase.access$execIncrementalCompiler(CompileServiceImpl.kt:94)
	at org.jetbrains.kotlin.daemon.CompileServiceImpl.compile(CompileServiceImpl.kt:1810)
	at java.base/jdk.internal.reflect.DirectMethodHandleAccessor.invoke(DirectMethodHandleAccessor.java:104)
	at java.base/java.lang.reflect.Method.invoke(Method.java:578)
	at java.rmi/sun.rmi.server.UnicastServerRef.dispatch(UnicastServerRef.java:360)
	at java.rmi/sun.rmi.transport.Transport$1.run(Transport.java:200)
	at java.rmi/sun.rmi.transport.Transport$1.run(Transport.java:197)
	at java.base/java.security.AccessController.doPrivileged(AccessController.java:714)
	at java.rmi/sun.rmi.transport.Transport.serviceCall(Transport.java:196)
	at java.rmi/sun.rmi.transport.tcp.TCPTransport.handleMessages(TCPTransport.java:598)
	at java.rmi/sun.rmi.transport.tcp.TCPTransport$ConnectionHandler.run0(TCPTransport.java:844)
	at java.rmi/sun.rmi.transport.tcp.TCPTransport$ConnectionHandler.lambda$run$0(TCPTransport.java:721)
	at java.base/java.security.AccessController.doPrivileged(AccessController.java:400)
	at java.rmi/sun.rmi.transport.tcp.TCPTransport$ConnectionHandler.run(TCPTransport.java:720)
	at java.base/java.util.concurrent.ThreadPoolExecutor.runWorker(ThreadPoolExecutor.java:1144)
	at java.base/java.util.concurrent.ThreadPoolExecutor$Worker.run(ThreadPoolExecutor.java:642)
	at java.base/java.lang.Thread.run(Thread.java:1623)
Caused by: org.jetbrains.kotlin.utils.exceptions.KotlinIllegalArgumentExceptionWithAttachments: Exception in expression checkers
	at org.jetbrains.kotlin.fir.analysis.checkers.expression.ExpressionCheckersDiagnosticComponent.visitPropertyAccessExpression(ExpressionCheckersDiagnosticComponent.kt:355)
	at org.jetbrains.kotlin.fir.analysis.checkers.expression.ExpressionCheckersDiagnosticComponent.visitPropertyAccessExpression(ExpressionCheckersDiagnosticComponent.kt:25)
	at org.jetbrains.kotlin.fir.expressions.FirPropertyAccessExpression.accept(FirPropertyAccessExpression.kt:39)
	at org.jetbrains.kotlin.fir.analysis.collectors.CheckerRunningDiagnosticCollectorVisitor.checkElement(CheckerRunningDiagnosticCollectorVisitor.kt:24)
	at org.jetbrains.kotlin.fir.analysis.collectors.AbstractDiagnosticCollectorVisitor.visitElement(AbstractDiagnosticCollectorVisitor.kt:54)
	at org.jetbrains.kotlin.fir.analysis.collectors.AbstractDiagnosticCollectorVisitor.visitWithCallOrAssignment(AbstractDiagnosticCollectorVisitor.kt:374)
	at org.jetbrains.kotlin.fir.analysis.collectors.AbstractDiagnosticCollectorVisitor.visitPropertyAccessExpression(AbstractDiagnosticCollectorVisitor.kt:290)
	at org.jetbrains.kotlin.fir.analysis.collectors.AbstractDiagnosticCollectorVisitor.visitPropertyAccessExpression(AbstractDiagnosticCollectorVisitor.kt:36)
	at org.jetbrains.kotlin.fir.expressions.FirPropertyAccessExpression.accept(FirPropertyAccessExpression.kt:39)
	at org.jetbrains.kotlin.fir.expressions.impl.FirArgumentListImpl.acceptChildren(FirArgumentListImpl.kt:26)
	at org.jetbrains.kotlin.fir.analysis.collectors.AbstractDiagnosticCollectorVisitor.visitNestedElements(AbstractDiagnosticCollectorVisitor.kt:44)
	at org.jetbrains.kotlin.fir.analysis.collectors.AbstractDiagnosticCollectorVisitor.visitElement(AbstractDiagnosticCollectorVisitor.kt:59)
	at org.jetbrains.kotlin.fir.analysis.collectors.AbstractDiagnosticCollectorVisitor.visitElement(AbstractDiagnosticCollectorVisitor.kt:36)
	at org.jetbrains.kotlin.fir.visitors.FirVisitor.visitArgumentList(FirVisitor.kt:78)
	at org.jetbrains.kotlin.fir.expressions.FirArgumentList.accept(FirArgumentList.kt:25)
	at org.jetbrains.kotlin.fir.expressions.impl.FirStringConcatenationCallImpl.acceptChildren(FirStringConcatenationCallImpl.kt:40)
	at org.jetbrains.kotlin.fir.analysis.collectors.AbstractDiagnosticCollectorVisitor.visitNestedElements(AbstractDiagnosticCollectorVisitor.kt:44)
	at org.jetbrains.kotlin.fir.analysis.collectors.AbstractDiagnosticCollectorVisitor.visitElement(AbstractDiagnosticCollectorVisitor.kt:55)
	at org.jetbrains.kotlin.fir.analysis.collectors.AbstractDiagnosticCollectorVisitor.visitElement(AbstractDiagnosticCollectorVisitor.kt:36)
	at org.jetbrains.kotlin.fir.visitors.FirVisitor.visitStringConcatenationCall(FirVisitor.kt:360)
	at org.jetbrains.kotlin.fir.expressions.FirStringConcatenationCall.accept(FirStringConcatenationCall.kt:30)
	at org.jetbrains.kotlin.fir.expressions.impl.FirResolvedArgumentList.acceptChildren(FirResolvedArgumentList.kt:35)
	at org.jetbrains.kotlin.fir.analysis.collectors.AbstractDiagnosticCollectorVisitor.visitNestedElements(AbstractDiagnosticCollectorVisitor.kt:44)
	at org.jetbrains.kotlin.fir.analysis.collectors.AbstractDiagnosticCollectorVisitor.visitElement(AbstractDiagnosticCollectorVisitor.kt:59)
	at org.jetbrains.kotlin.fir.analysis.collectors.AbstractDiagnosticCollectorVisitor.visitElement(AbstractDiagnosticCollectorVisitor.kt:36)
	at org.jetbrains.kotlin.fir.visitors.FirVisitor.visitArgumentList(FirVisitor.kt:78)
	at org.jetbrains.kotlin.fir.expressions.FirArgumentList.accept(FirArgumentList.kt:25)
	at org.jetbrains.kotlin.fir.expressions.impl.FirFunctionCallImpl.acceptChildren(FirFunctionCallImpl.kt:55)
	at org.jetbrains.kotlin.fir.analysis.collectors.AbstractDiagnosticCollectorVisitor.visitNestedElements(AbstractDiagnosticCollectorVisitor.kt:44)
	at org.jetbrains.kotlin.fir.analysis.collectors.AbstractDiagnosticCollectorVisitor.visitElement(AbstractDiagnosticCollectorVisitor.kt:55)
	at org.jetbrains.kotlin.fir.analysis.collectors.AbstractDiagnosticCollectorVisitor.visitWithCallOrAssignment(AbstractDiagnosticCollectorVisitor.kt:374)
	at org.jetbrains.kotlin.fir.analysis.collectors.AbstractDiagnosticCollectorVisitor.visitFunctionCall(AbstractDiagnosticCollectorVisitor.kt:282)
	at org.jetbrains.kotlin.fir.analysis.collectors.AbstractDiagnosticCollectorVisitor.visitFunctionCall(AbstractDiagnosticCollectorVisitor.kt:36)
	at org.jetbrains.kotlin.fir.expressions.FirFunctionCall.accept(FirFunctionCall.kt:41)
	at org.jetbrains.kotlin.fir.expressions.impl.FirBlockImpl.acceptChildren(FirBlockImpl.kt:37)
	at org.jetbrains.kotlin.fir.analysis.collectors.AbstractDiagnosticCollectorVisitor.visitNestedElements(AbstractDiagnosticCollectorVisitor.kt:44)
	at org.jetbrains.kotlin.fir.analysis.collectors.AbstractDiagnosticCollectorVisitor.visitAnnotationContainer(AbstractDiagnosticCollectorVisitor.kt:67)
	at org.jetbrains.kotlin.fir.analysis.collectors.AbstractDiagnosticCollectorVisitor.visitAnnotationContainer(AbstractDiagnosticCollectorVisitor.kt:36)
	at org.jetbrains.kotlin.fir.visitors.FirDefaultVisitor.visitStatement(FirDefaultVisitor.kt:30)
	at org.jetbrains.kotlin.fir.visitors.FirDefaultVisitor.visitExpression(FirDefaultVisitor.kt:33)
	at org.jetbrains.kotlin.fir.analysis.collectors.AbstractDiagnosticCollectorVisitor.visitBlock(AbstractDiagnosticCollectorVisitor.kt:212)
	at org.jetbrains.kotlin.fir.analysis.collectors.AbstractDiagnosticCollectorVisitor.visitBlock(AbstractDiagnosticCollectorVisitor.kt:36)
	at org.jetbrains.kotlin.fir.expressions.FirBlock.accept(FirBlock.kt:29)
	at org.jetbrains.kotlin.fir.expressions.impl.FirRegularWhenBranch.acceptChildren(FirRegularWhenBranch.kt:30)
	at org.jetbrains.kotlin.fir.analysis.collectors.AbstractDiagnosticCollectorVisitor.visitNestedElements(AbstractDiagnosticCollectorVisitor.kt:44)
	at org.jetbrains.kotlin.fir.analysis.collectors.AbstractDiagnosticCollectorVisitor.visitElement(AbstractDiagnosticCollectorVisitor.kt:59)
	at org.jetbrains.kotlin.fir.analysis.collectors.AbstractDiagnosticCollectorVisitor.visitElement(AbstractDiagnosticCollectorVisitor.kt:36)
	at org.jetbrains.kotlin.fir.visitors.FirVisitor.visitWhenBranch(FirVisitor.kt:174)
	at org.jetbrains.kotlin.fir.expressions.FirWhenBranch.accept(FirWhenBranch.kt:27)
	at org.jetbrains.kotlin.fir.expressions.impl.FirWhenExpressionImpl.acceptChildren(FirWhenExpressionImpl.kt:41)
	at org.jetbrains.kotlin.fir.analysis.collectors.AbstractDiagnosticCollectorVisitor.visitNestedElements(AbstractDiagnosticCollectorVisitor.kt:44)
	at org.jetbrains.kotlin.fir.analysis.collectors.AbstractDiagnosticCollectorVisitor.visitElement(AbstractDiagnosticCollectorVisitor.kt:55)
	at org.jetbrains.kotlin.fir.analysis.collectors.AbstractDiagnosticCollectorVisitor.visitElement(AbstractDiagnosticCollectorVisitor.kt:36)
	at org.jetbrains.kotlin.fir.visitors.FirVisitor.visitWhenExpression(FirVisitor.kt:459)
	at org.jetbrains.kotlin.fir.expressions.FirWhenExpression.accept(FirWhenExpression.kt:34)
	at org.jetbrains.kotlin.fir.expressions.impl.FirBlockImpl.acceptChildren(FirBlockImpl.kt:37)
	at org.jetbrains.kotlin.fir.analysis.collectors.AbstractDiagnosticCollectorVisitor.visitNestedElements(AbstractDiagnosticCollectorVisitor.kt:44)
	at org.jetbrains.kotlin.fir.analysis.collectors.AbstractDiagnosticCollectorVisitor.visitAnnotationContainer(AbstractDiagnosticCollectorVisitor.kt:67)
	at org.jetbrains.kotlin.fir.analysis.collectors.AbstractDiagnosticCollectorVisitor.visitAnnotationContainer(AbstractDiagnosticCollectorVisitor.kt:36)
	at org.jetbrains.kotlin.fir.visitors.FirDefaultVisitor.visitStatement(FirDefaultVisitor.kt:30)
	at org.jetbrains.kotlin.fir.visitors.FirDefaultVisitor.visitExpression(FirDefaultVisitor.kt:33)
	at org.jetbrains.kotlin.fir.analysis.collectors.AbstractDiagnosticCollectorVisitor.visitBlock(AbstractDiagnosticCollectorVisitor.kt:212)
	at org.jetbrains.kotlin.fir.analysis.collectors.AbstractDiagnosticCollectorVisitor.visitBlock(AbstractDiagnosticCollectorVisitor.kt:36)
	at org.jetbrains.kotlin.fir.expressions.FirBlock.accept(FirBlock.kt:29)
	at org.jetbrains.kotlin.fir.declarations.impl.FirAnonymousFunctionImpl.acceptChildren(FirAnonymousFunctionImpl.kt:78)
	at org.jetbrains.kotlin.fir.analysis.collectors.AbstractDiagnosticCollectorVisitor.visitNestedElements(AbstractDiagnosticCollectorVisitor.kt:44)
	at org.jetbrains.kotlin.fir.analysis.collectors.AbstractDiagnosticCollectorVisitor.visitAnonymousFunction(AbstractDiagnosticCollectorVisitor.kt:939)
	at org.jetbrains.kotlin.fir.analysis.collectors.AbstractDiagnosticCollectorVisitor.visitAnonymousFunctionExpression(AbstractDiagnosticCollectorVisitor.kt:135)
	at org.jetbrains.kotlin.fir.analysis.collectors.AbstractDiagnosticCollectorVisitor.visitAnonymousFunctionExpression(AbstractDiagnosticCollectorVisitor.kt:36)
	at org.jetbrains.kotlin.fir.expressions.FirAnonymousFunctionExpression.accept(FirAnonymousFunctionExpression.kt:30)
	at org.jetbrains.kotlin.fir.expressions.impl.FirResolvedArgumentList.acceptChildren(FirResolvedArgumentList.kt:35)
	at org.jetbrains.kotlin.fir.analysis.collectors.AbstractDiagnosticCollectorVisitor.visitNestedElements(AbstractDiagnosticCollectorVisitor.kt:44)
	at org.jetbrains.kotlin.fir.analysis.collectors.AbstractDiagnosticCollectorVisitor.visitElement(AbstractDiagnosticCollectorVisitor.kt:59)
	at org.jetbrains.kotlin.fir.analysis.collectors.AbstractDiagnosticCollectorVisitor.visitElement(AbstractDiagnosticCollectorVisitor.kt:36)
	at org.jetbrains.kotlin.fir.visitors.FirVisitor.visitArgumentList(FirVisitor.kt:78)
	at org.jetbrains.kotlin.fir.expressions.FirArgumentList.accept(FirArgumentList.kt:25)
	at org.jetbrains.kotlin.fir.expressions.impl.FirFunctionCallImpl.acceptChildren(FirFunctionCallImpl.kt:55)
	at org.jetbrains.kotlin.fir.analysis.collectors.AbstractDiagnosticCollectorVisitor.visitNestedElements(AbstractDiagnosticCollectorVisitor.kt:44)
	at org.jetbrains.kotlin.fir.analysis.collectors.AbstractDiagnosticCollectorVisitor.visitElement(AbstractDiagnosticCollectorVisitor.kt:55)
	at org.jetbrains.kotlin.fir.analysis.collectors.AbstractDiagnosticCollectorVisitor.visitWithCallOrAssignment(AbstractDiagnosticCollectorVisitor.kt:374)
	at org.jetbrains.kotlin.fir.analysis.collectors.AbstractDiagnosticCollectorVisitor.visitFunctionCall(AbstractDiagnosticCollectorVisitor.kt:282)
	at org.jetbrains.kotlin.fir.analysis.collectors.AbstractDiagnosticCollectorVisitor.visitFunctionCall(AbstractDiagnosticCollectorVisitor.kt:36)
	at org.jetbrains.kotlin.fir.expressions.FirFunctionCall.accept(FirFunctionCall.kt:41)
	at org.jetbrains.kotlin.fir.expressions.impl.FirBlockImpl.acceptChildren(FirBlockImpl.kt:37)
	at org.jetbrains.kotlin.fir.analysis.collectors.AbstractDiagnosticCollectorVisitor.visitNestedElements(AbstractDiagnosticCollectorVisitor.kt:44)
	at org.jetbrains.kotlin.fir.analysis.collectors.AbstractDiagnosticCollectorVisitor.visitAnnotationContainer(AbstractDiagnosticCollectorVisitor.kt:67)
	at org.jetbrains.kotlin.fir.analysis.collectors.AbstractDiagnosticCollectorVisitor.visitAnnotationContainer(AbstractDiagnosticCollectorVisitor.kt:36)
	at org.jetbrains.kotlin.fir.visitors.FirDefaultVisitor.visitStatement(FirDefaultVisitor.kt:30)
	at org.jetbrains.kotlin.fir.visitors.FirDefaultVisitor.visitExpression(FirDefaultVisitor.kt:33)
	at org.jetbrains.kotlin.fir.analysis.collectors.AbstractDiagnosticCollectorVisitor.visitBlock(AbstractDiagnosticCollectorVisitor.kt:212)
	at org.jetbrains.kotlin.fir.analysis.collectors.AbstractDiagnosticCollectorVisitor.visitBlock(AbstractDiagnosticCollectorVisitor.kt:36)
	at org.jetbrains.kotlin.fir.expressions.FirBlock.accept(FirBlock.kt:29)
	at org.jetbrains.kotlin.fir.declarations.impl.FirAnonymousFunctionImpl.acceptChildren(FirAnonymousFunctionImpl.kt:78)
	at org.jetbrains.kotlin.fir.analysis.collectors.AbstractDiagnosticCollectorVisitor.visitNestedElements(AbstractDiagnosticCollectorVisitor.kt:44)
	at org.jetbrains.kotlin.fir.analysis.collectors.AbstractDiagnosticCollectorVisitor.visitAnonymousFunction(AbstractDiagnosticCollectorVisitor.kt:939)
	at org.jetbrains.kotlin.fir.analysis.collectors.AbstractDiagnosticCollectorVisitor.visitAnonymousFunctionExpression(AbstractDiagnosticCollectorVisitor.kt:135)
	at org.jetbrains.kotlin.fir.analysis.collectors.AbstractDiagnosticCollectorVisitor.visitAnonymousFunctionExpression(AbstractDiagnosticCollectorVisitor.kt:36)
	at org.jetbrains.kotlin.fir.expressions.FirAnonymousFunctionExpression.accept(FirAnonymousFunctionExpression.kt:30)
	at org.jetbrains.kotlin.fir.expressions.impl.FirResolvedArgumentList.acceptChildren(FirResolvedArgumentList.kt:35)
	at org.jetbrains.kotlin.fir.analysis.collectors.AbstractDiagnosticCollectorVisitor.visitNestedElements(AbstractDiagnosticCollectorVisitor.kt:44)
	at org.jetbrains.kotlin.fir.analysis.collectors.AbstractDiagnosticCollectorVisitor.visitElement(AbstractDiagnosticCollectorVisitor.kt:59)
	at org.jetbrains.kotlin.fir.analysis.collectors.AbstractDiagnosticCollectorVisitor.visitElement(AbstractDiagnosticCollectorVisitor.kt:36)
	at org.jetbrains.kotlin.fir.visitors.FirVisitor.visitArgumentList(FirVisitor.kt:78)
	at org.jetbrains.kotlin.fir.expressions.FirArgumentList.accept(FirArgumentList.kt:25)
	at org.jetbrains.kotlin.fir.expressions.impl.FirFunctionCallImpl.acceptChildren(FirFunctionCallImpl.kt:55)
	at org.jetbrains.kotlin.fir.analysis.collectors.AbstractDiagnosticCollectorVisitor.visitNestedElements(AbstractDiagnosticCollectorVisitor.kt:44)
	at org.jetbrains.kotlin.fir.analysis.collectors.AbstractDiagnosticCollectorVisitor.visitElement(AbstractDiagnosticCollectorVisitor.kt:55)
	at org.jetbrains.kotlin.fir.analysis.collectors.AbstractDiagnosticCollectorVisitor.visitWithCallOrAssignment(AbstractDiagnosticCollectorVisitor.kt:374)
	at org.jetbrains.kotlin.fir.analysis.collectors.AbstractDiagnosticCollectorVisitor.visitFunctionCall(AbstractDiagnosticCollectorVisitor.kt:282)
	at org.jetbrains.kotlin.fir.analysis.collectors.AbstractDiagnosticCollectorVisitor.visitFunctionCall(AbstractDiagnosticCollectorVisitor.kt:36)
	at org.jetbrains.kotlin.fir.expressions.FirFunctionCall.accept(FirFunctionCall.kt:41)
	at org.jetbrains.kotlin.fir.expressions.impl.FirBlockImpl.acceptChildren(FirBlockImpl.kt:37)
	at org.jetbrains.kotlin.fir.analysis.collectors.AbstractDiagnosticCollectorVisitor.visitNestedElements(AbstractDiagnosticCollectorVisitor.kt:44)
	at org.jetbrains.kotlin.fir.analysis.collectors.AbstractDiagnosticCollectorVisitor.visitAnnotationContainer(AbstractDiagnosticCollectorVisitor.kt:67)
	at org.jetbrains.kotlin.fir.analysis.collectors.AbstractDiagnosticCollectorVisitor.visitAnnotationContainer(AbstractDiagnosticCollectorVisitor.kt:36)
	at org.jetbrains.kotlin.fir.visitors.FirDefaultVisitor.visitStatement(FirDefaultVisitor.kt:30)
	at org.jetbrains.kotlin.fir.visitors.FirDefaultVisitor.visitExpression(FirDefaultVisitor.kt:33)
	at org.jetbrains.kotlin.fir.analysis.collectors.AbstractDiagnosticCollectorVisitor.visitBlock(AbstractDiagnosticCollectorVisitor.kt:212)
	at org.jetbrains.kotlin.fir.analysis.collectors.AbstractDiagnosticCollectorVisitor.visitBlock(AbstractDiagnosticCollectorVisitor.kt:36)
	at org.jetbrains.kotlin.fir.expressions.FirBlock.accept(FirBlock.kt:29)
	at org.jetbrains.kotlin.fir.declarations.impl.FirAnonymousFunctionImpl.acceptChildren(FirAnonymousFunctionImpl.kt:78)
	at org.jetbrains.kotlin.fir.analysis.collectors.AbstractDiagnosticCollectorVisitor.visitNestedElements(AbstractDiagnosticCollectorVisitor.kt:44)
	at org.jetbrains.kotlin.fir.analysis.collectors.AbstractDiagnosticCollectorVisitor.visitAnonymousFunction(AbstractDiagnosticCollectorVisitor.kt:939)
	at org.jetbrains.kotlin.fir.analysis.collectors.AbstractDiagnosticCollectorVisitor.visitAnonymousFunctionExpression(AbstractDiagnosticCollectorVisitor.kt:135)
	at org.jetbrains.kotlin.fir.analysis.collectors.AbstractDiagnosticCollectorVisitor.visitAnonymousFunctionExpression(AbstractDiagnosticCollectorVisitor.kt:36)
	at org.jetbrains.kotlin.fir.expressions.FirAnonymousFunctionExpression.accept(FirAnonymousFunctionExpression.kt:30)
	at org.jetbrains.kotlin.fir.expressions.impl.FirResolvedArgumentList.acceptChildren(FirResolvedArgumentList.kt:35)
	at org.jetbrains.kotlin.fir.analysis.collectors.AbstractDiagnosticCollectorVisitor.visitNestedElements(AbstractDiagnosticCollectorVisitor.kt:44)
	at org.jetbrains.kotlin.fir.analysis.collectors.AbstractDiagnosticCollectorVisitor.visitElement(AbstractDiagnosticCollectorVisitor.kt:59)
	at org.jetbrains.kotlin.fir.analysis.collectors.AbstractDiagnosticCollectorVisitor.visitElement(AbstractDiagnosticCollectorVisitor.kt:36)
	at org.jetbrains.kotlin.fir.visitors.FirVisitor.visitArgumentList(FirVisitor.kt:78)
	at org.jetbrains.kotlin.fir.expressions.FirArgumentList.accept(FirArgumentList.kt:25)
	at org.jetbrains.kotlin.fir.expressions.impl.FirFunctionCallImpl.acceptChildren(FirFunctionCallImpl.kt:55)
	at org.jetbrains.kotlin.fir.analysis.collectors.AbstractDiagnosticCollectorVisitor.visitNestedElements(AbstractDiagnosticCollectorVisitor.kt:44)
	at org.jetbrains.kotlin.fir.analysis.collectors.AbstractDiagnosticCollectorVisitor.visitElement(AbstractDiagnosticCollectorVisitor.kt:55)
	at org.jetbrains.kotlin.fir.analysis.collectors.AbstractDiagnosticCollectorVisitor.visitWithCallOrAssignment(AbstractDiagnosticCollectorVisitor.kt:374)
	at org.jetbrains.kotlin.fir.analysis.collectors.AbstractDiagnosticCollectorVisitor.visitFunctionCall(AbstractDiagnosticCollectorVisitor.kt:282)
	at org.jetbrains.kotlin.fir.analysis.collectors.AbstractDiagnosticCollectorVisitor.visitFunctionCall(AbstractDiagnosticCollectorVisitor.kt:36)
	at org.jetbrains.kotlin.fir.expressions.FirFunctionCall.accept(FirFunctionCall.kt:41)
	at org.jetbrains.kotlin.fir.expressions.impl.FirBlockImpl.acceptChildren(FirBlockImpl.kt:37)
	at org.jetbrains.kotlin.fir.analysis.collectors.AbstractDiagnosticCollectorVisitor.visitNestedElements(AbstractDiagnosticCollectorVisitor.kt:44)
	at org.jetbrains.kotlin.fir.analysis.collectors.AbstractDiagnosticCollectorVisitor.visitAnnotationContainer(AbstractDiagnosticCollectorVisitor.kt:67)
	at org.jetbrains.kotlin.fir.analysis.collectors.AbstractDiagnosticCollectorVisitor.visitAnnotationContainer(AbstractDiagnosticCollectorVisitor.kt:36)
	at org.jetbrains.kotlin.fir.visitors.FirDefaultVisitor.visitStatement(FirDefaultVisitor.kt:30)
	at org.jetbrains.kotlin.fir.visitors.FirDefaultVisitor.visitExpression(FirDefaultVisitor.kt:33)
	at org.jetbrains.kotlin.fir.analysis.collectors.AbstractDiagnosticCollectorVisitor.visitBlock(AbstractDiagnosticCollectorVisitor.kt:212)
	at org.jetbrains.kotlin.fir.analysis.collectors.AbstractDiagnosticCollectorVisitor.visitBlock(AbstractDiagnosticCollectorVisitor.kt:36)
	at org.jetbrains.kotlin.fir.expressions.FirBlock.accept(FirBlock.kt:29)
	at org.jetbrains.kotlin.fir.declarations.impl.FirSimpleFunctionImpl.acceptChildren(FirSimpleFunctionImpl.kt:70)
	at org.jetbrains.kotlin.fir.analysis.collectors.AbstractDiagnosticCollectorVisitor.visitNestedElements(AbstractDiagnosticCollectorVisitor.kt:44)
	at org.jetbrains.kotlin.fir.analysis.collectors.AbstractDiagnosticCollectorVisitor.visitSimpleFunction(AbstractDiagnosticCollectorVisitor.kt:820)
	at org.jetbrains.kotlin.fir.analysis.collectors.AbstractDiagnosticCollectorVisitor.visitSimpleFunction(AbstractDiagnosticCollectorVisitor.kt:36)
	at org.jetbrains.kotlin.fir.declarations.FirSimpleFunction.accept(FirSimpleFunction.kt:51)
	at org.jetbrains.kotlin.fir.declarations.impl.FirFileImpl.acceptChildren(FirFileImpl.kt:60)
	at org.jetbrains.kotlin.fir.analysis.collectors.AbstractDiagnosticCollectorVisitor.visitNestedElements(AbstractDiagnosticCollectorVisitor.kt:44)
	at org.jetbrains.kotlin.fir.analysis.collectors.AbstractDiagnosticCollectorVisitor.visitFile(AbstractDiagnosticCollectorVisitor.kt:1351)
	at org.jetbrains.kotlin.fir.analysis.collectors.AbstractDiagnosticCollectorVisitor.visitFile(AbstractDiagnosticCollectorVisitor.kt:36)
	at org.jetbrains.kotlin.fir.declarations.FirFile.accept(FirFile.kt:43)
	at org.jetbrains.kotlin.fir.analysis.collectors.AbstractDiagnosticCollector.collectDiagnostics(AbstractDiagnosticCollector.kt:36)
	at org.jetbrains.kotlin.fir.pipeline.AnalyseKt.runCheckers(analyse.kt:37)
	... 39 more
Caused by: java.io.FileNotFoundException: /Users/andyibrahim/Desktop/VoiceFitness - 1/app/build/tmp/kotlin-classes/debug/com/example/classpass/domain/model/ExerciseDto.class (No such file or directory)
	at java.base/java.io.FileInputStream.open0(Native Method)
	at java.base/java.io.FileInputStream.open(FileInputStream.java:219)
	at java.base/java.io.FileInputStream.<init>(FileInputStream.java:158)
	at org.jetbrains.kotlin.com.intellij.openapi.util.io.FileUtil.loadFileBytes(FileUtil.java:187)
	at org.jetbrains.kotlin.cli.common.localfs.KotlinLocalVirtualFile.contentsToByteArray(KotlinLocalVirtualFile.kt:108)
	at org.jetbrains.kotlin.cli.jvm.compiler.KotlinCliJavaFileManagerImpl.findClass(KotlinCliJavaFileManagerImpl.kt:148)
	at org.jetbrains.kotlin.resolve.jvm.KotlinJavaPsiFacade$CliFinder.findClass(KotlinJavaPsiFacade.java:538)
	at org.jetbrains.kotlin.resolve.jvm.KotlinJavaPsiFacade.findClass(KotlinJavaPsiFacade.java:181)
	at org.jetbrains.kotlin.load.java.JavaClassFinderImpl.findClass(JavaClassFinderImpl.kt:46)
	at org.jetbrains.kotlin.fir.java.FirJavaFacade.findClass(FirJavaFacade.kt:74)
	at org.jetbrains.kotlin.fir.java.deserialization.JvmClassFileBasedSymbolProvider.extractClassMetadata(JvmClassFileBasedSymbolProvider.kt:178)
	at org.jetbrains.kotlin.fir.deserialization.AbstractFirDeserializedSymbolProvider.findAndDeserializeClass(AbstractFirDeserializedSymbolProvider.kt:256)
	at org.jetbrains.kotlin.fir.deserialization.AbstractFirDeserializedSymbolProvider.classCache$lambda$0(AbstractFirDeserializedSymbolProvider.kt:163)
	at org.jetbrains.kotlin.fir.caches.FirThreadUnsafeCacheWithPostCompute.getValue(FirThreadUnsafeCachesFactory.kt:75)
	at org.jetbrains.kotlin.fir.deserialization.AbstractFirDeserializedSymbolProvider.getClass(AbstractFirDeserializedSymbolProvider.kt:343)
	at org.jetbrains.kotlin.fir.deserialization.AbstractFirDeserializedSymbolProvider.getClass$default(AbstractFirDeserializedSymbolProvider.kt:326)
	at org.jetbrains.kotlin.fir.deserialization.AbstractFirDeserializedSymbolProvider.getClassLikeSymbolByClassId(AbstractFirDeserializedSymbolProvider.kt:420)
	at org.jetbrains.kotlin.fir.resolve.providers.impl.FirCachingCompositeSymbolProvider.computeClass(FirCachingCompositeSymbolProvider.kt:147)
	at org.jetbrains.kotlin.fir.resolve.providers.impl.FirCachingCompositeSymbolProvider.access$computeClass(FirCachingCompositeSymbolProvider.kt:27)
	at org.jetbrains.kotlin.fir.resolve.providers.impl.FirCachingCompositeSymbolProvider$special$$inlined$createCache$1.invoke(FirCachesFactory.kt:163)
	at org.jetbrains.kotlin.fir.resolve.providers.impl.FirCachingCompositeSymbolProvider$special$$inlined$createCache$1.invoke(FirCachesFactory.kt:147)
	at org.jetbrains.kotlin.fir.caches.FirThreadUnsafeCache.getValue(FirThreadUnsafeCachesFactory.kt:57)
	at org.jetbrains.kotlin.fir.resolve.providers.impl.FirCachingCompositeSymbolProvider.getClassLikeSymbolByClassId(FirCachingCompositeSymbolProvider.kt:174)
	at org.jetbrains.kotlin.fir.resolve.ToSymbolUtilsKt.toSymbol(ToSymbolUtils.kt:57)
	at org.jetbrains.kotlin.fir.analysis.checkers.expression.FirOptInUsageBaseChecker.addExperimentalities(FirOptInUsageBaseChecker.kt:287)
	at org.jetbrains.kotlin.fir.analysis.checkers.expression.FirOptInUsageBaseChecker.addExperimentalities(FirOptInUsageBaseChecker.kt:291)
	at org.jetbrains.kotlin.fir.analysis.checkers.expression.FirOptInUsageBaseChecker.loadCallableSpecificExperimentalities(FirOptInUsageBaseChecker.kt:237)
	at org.jetbrains.kotlin.fir.analysis.checkers.expression.FirOptInUsageBaseChecker.loadExperimentalities(FirOptInUsageBaseChecker.kt:192)
	at org.jetbrains.kotlin.fir.analysis.checkers.expression.FirOptInUsageBaseChecker.loadExperimentalities(FirOptInUsageBaseChecker.kt:165)
	at org.jetbrains.kotlin.fir.analysis.checkers.expression.FirOptInUsageAccessChecker.check(FirOptInUsageAccessChecker.kt:43)
	at org.jetbrains.kotlin.fir.analysis.checkers.expression.ExpressionCheckersDiagnosticComponent.visitPropertyAccessExpression(ExpressionCheckersDiagnosticComponent.kt:341)
	... 198 more


error message: Daemon compilation failed: null
java.lang.Exception
	at org.jetbrains.kotlin.daemon.common.CompileService$CallResult$Error.get(CompileService.kt:69)
	at org.jetbrains.kotlin.daemon.common.CompileService$CallResult$Error.get(CompileService.kt:65)
	at org.jetbrains.kotlin.compilerRunner.GradleKotlinCompilerWork.compileWithDaemon(GradleKotlinCompilerWork.kt:240)
	at org.jetbrains.kotlin.compilerRunner.GradleKotlinCompilerWork.compileWithDaemonOrFallbackImpl(GradleKotlinCompilerWork.kt:159)
	at org.jetbrains.kotlin.compilerRunner.GradleKotlinCompilerWork.run(GradleKotlinCompilerWork.kt:111)
	at org.jetbrains.kotlin.compilerRunner.GradleCompilerRunnerWithWorkers$GradleKotlinCompilerWorkAction.execute(GradleCompilerRunnerWithWorkers.kt:74)
	at org.gradle.workers.internal.DefaultWorkerServer.execute(DefaultWorkerServer.java:63)
	at org.gradle.workers.internal.NoIsolationWorkerFactory$1$1.create(NoIsolationWorkerFactory.java:66)
	at org.gradle.workers.internal.NoIsolationWorkerFactory$1$1.create(NoIsolationWorkerFactory.java:62)
	at org.gradle.internal.classloader.ClassLoaderUtils.executeInClassloader(ClassLoaderUtils.java:100)
	at org.gradle.workers.internal.NoIsolationWorkerFactory$1.lambda$execute$0(NoIsolationWorkerFactory.java:62)
	at org.gradle.workers.internal.AbstractWorker$1.call(AbstractWorker.java:44)
	at org.gradle.workers.internal.AbstractWorker$1.call(AbstractWorker.java:41)
	at org.gradle.internal.operations.DefaultBuildOperationRunner$CallableBuildOperationWorker.execute(DefaultBuildOperationRunner.java:210)
	at org.gradle.internal.operations.DefaultBuildOperationRunner$CallableBuildOperationWorker.execute(DefaultBuildOperationRunner.java:205)
	at org.gradle.internal.operations.DefaultBuildOperationRunner$2.execute(DefaultBuildOperationRunner.java:67)
	at org.gradle.internal.operations.DefaultBuildOperationRunner$2.execute(DefaultBuildOperationRunner.java:60)
	at org.gradle.internal.operations.DefaultBuildOperationRunner.execute(DefaultBuildOperationRunner.java:167)
	at org.gradle.internal.operations.DefaultBuildOperationRunner.execute(DefaultBuildOperationRunner.java:60)
	at org.gradle.internal.operations.DefaultBuildOperationRunner.call(DefaultBuildOperationRunner.java:54)
	at org.gradle.workers.internal.AbstractWorker.executeWrappedInBuildOperation(AbstractWorker.java:41)
	at org.gradle.workers.internal.NoIsolationWorkerFactory$1.execute(NoIsolationWorkerFactory.java:59)
	at org.gradle.workers.internal.DefaultWorkerExecutor.lambda$submitWork$0(DefaultWorkerExecutor.java:174)
	at java.base/java.util.concurrent.FutureTask.run(Unknown Source)
	at org.gradle.internal.work.DefaultConditionalExecutionQueue$ExecutionRunner.runExecution(DefaultConditionalExecutionQueue.java:194)
	at org.gradle.internal.work.DefaultConditionalExecutionQueue$ExecutionRunner.access$700(DefaultConditionalExecutionQueue.java:127)
	at org.gradle.internal.work.DefaultConditionalExecutionQueue$ExecutionRunner$1.run(DefaultConditionalExecutionQueue.java:169)
	at org.gradle.internal.Factories$1.create(Factories.java:31)
	at org.gradle.internal.work.DefaultWorkerLeaseService.withLocks(DefaultWorkerLeaseService.java:263)
	at org.gradle.internal.work.DefaultWorkerLeaseService.runAsWorkerThread(DefaultWorkerLeaseService.java:127)
	at org.gradle.internal.work.DefaultWorkerLeaseService.runAsWorkerThread(DefaultWorkerLeaseService.java:132)
	at org.gradle.internal.work.DefaultConditionalExecutionQueue$ExecutionRunner.runBatch(DefaultConditionalExecutionQueue.java:164)
	at org.gradle.internal.work.DefaultConditionalExecutionQueue$ExecutionRunner.run(DefaultConditionalExecutionQueue.java:133)
	at java.base/java.util.concurrent.Executors$RunnableAdapter.call(Unknown Source)
	at java.base/java.util.concurrent.FutureTask.run(Unknown Source)
	at org.gradle.internal.concurrent.ExecutorPolicy$CatchAndRecordFailures.onExecute(ExecutorPolicy.java:64)
	at org.gradle.internal.concurrent.AbstractManagedExecutor$1.run(AbstractManagedExecutor.java:48)
	at java.base/java.util.concurrent.ThreadPoolExecutor.runWorker(Unknown Source)
	at java.base/java.util.concurrent.ThreadPoolExecutor$Worker.run(Unknown Source)
	at java.base/java.lang.Thread.run(Unknown Source)
Caused by: java.nio.file.NoSuchFileException: /var/folders/wv/fr6f4b29271bc4dgw81w4wq40000gn/T/kotlin-backups17685938145803488316/3.backup -> /Users/andyibrahim/Desktop/VoiceFitness - 1/app/build/tmp/kotlin-classes/debug/META-INF/app_debug.kotlin_module
	at java.base/sun.nio.fs.UnixException.translateToIOException(UnixException.java:92)
	at java.base/sun.nio.fs.UnixException.rethrowAsIOException(UnixException.java:106)
	at java.base/sun.nio.fs.UnixFileSystem.move(UnixFileSystem.java:935)
	at java.base/sun.nio.fs.UnixFileSystemProvider.move(UnixFileSystemProvider.java:309)
	at java.base/java.nio.file.Files.move(Files.java:1429)
	at org.jetbrains.kotlin.incremental.RecoverableCompilationTransaction.revertChanges(CompilationTransaction.kt:231)
	at org.jetbrains.kotlin.incremental.RecoverableCompilationTransaction.close(CompilationTransaction.kt:256)
	at org.jetbrains.kotlin.incremental.IncrementalCompilerRunner.tryCompileIncrementally(IncrementalCompilerRunner.kt:703)
	at org.jetbrains.kotlin.incremental.IncrementalCompilerRunner.compile(IncrementalCompilerRunner.kt:119)
	at org.jetbrains.kotlin.daemon.CompileServiceImplBase.execIncrementalCompiler(CompileServiceImpl.kt:684)
	at org.jetbrains.kotlin.daemon.CompileServiceImplBase.access$execIncrementalCompiler(CompileServiceImpl.kt:94)
	at org.jetbrains.kotlin.daemon.CompileServiceImpl.compile(CompileServiceImpl.kt:1810)
	at java.base/jdk.internal.reflect.DirectMethodHandleAccessor.invoke(DirectMethodHandleAccessor.java:104)
	at java.base/java.lang.reflect.Method.invoke(Method.java:578)
	at java.rmi/sun.rmi.server.UnicastServerRef.dispatch(UnicastServerRef.java:360)
	at java.rmi/sun.rmi.transport.Transport$1.run(Transport.java:200)
	at java.rmi/sun.rmi.transport.Transport$1.run(Transport.java:197)
	at java.base/java.security.AccessController.doPrivileged(AccessController.java:714)
	at java.rmi/sun.rmi.transport.Transport.serviceCall(Transport.java:196)
	at java.rmi/sun.rmi.transport.tcp.TCPTransport.handleMessages(TCPTransport.java:598)
	at java.rmi/sun.rmi.transport.tcp.TCPTransport$ConnectionHandler.run0(TCPTransport.java:844)
	at java.rmi/sun.rmi.transport.tcp.TCPTransport$ConnectionHandler.lambda$run$0(TCPTransport.java:721)
	at java.base/java.security.AccessController.doPrivileged(AccessController.java:400)
	at java.rmi/sun.rmi.transport.tcp.TCPTransport$ConnectionHandler.run(TCPTransport.java:720)
	at java.base/java.util.concurrent.ThreadPoolExecutor.runWorker(ThreadPoolExecutor.java:1144)
	at java.base/java.util.concurrent.ThreadPoolExecutor$Worker.run(ThreadPoolExecutor.java:642)
	at java.base/java.lang.Thread.run(Thread.java:1623)


